<?xml version="1.0" encoding="UTF-8"?>
<testsuite xmlns:xsi="http://www.w3.org/2001/XMLSchema-instance" xsi:noNamespaceSchemaLocation="https://maven.apache.org/surefire/maven-surefire-plugin/xsd/surefire-test-report.xsd" name="it.io.openliberty.guides.util.DBManagerTest" time="0.028" tests="2" errors="0" skipped="0" failures="0">
  <properties>
    <property name="gopherProxySet" value="false"/>
    <property name="awt.toolkit" value="sun.lwawt.macosx.LWCToolkit"/>
    <property name="java.specification.version" value="11"/>
    <property name="sun.cpu.isalist" value=""/>
    <property name="sun.jnu.encoding" value="UTF-8"/>
    <property name="java.class.path" value="/Users/dilloncarns/Projects/backend-openliberty-demo/target/test-classes:/Users/dilloncarns/Projects/backend-openliberty-demo/target/classes:/Users/dilloncarns/.m2/repository/jakarta/platform/jakarta.jakartaee-web-api/8.0.0/jakarta.jakartaee-web-api-8.0.0.jar:/Users/dilloncarns/.m2/repository/javax/enterprise/cdi-api/2.0/cdi-api-2.0.jar:/Users/dilloncarns/.m2/repository/javax/el/javax.el-api/3.0.0/javax.el-api-3.0.0.jar:/Users/dilloncarns/.m2/repository/javax/interceptor/javax.interceptor-api/1.2/javax.interceptor-api-1.2.jar:/Users/dilloncarns/.m2/repository/javax/inject/javax.inject/1/javax.inject-1.jar:/Users/dilloncarns/.m2/repository/javax/ws/rs/javax.ws.rs-api/2.1/javax.ws.rs-api-2.1.jar:/Users/dilloncarns/.m2/repository/javax/json/bind/javax.json.bind-api/1.0/javax.json.bind-api-1.0.jar:/Users/dilloncarns/.m2/repository/javax/json/javax.json-api/1.1/javax.json-api-1.1.jar:/Users/dilloncarns/.m2/repository/javax/annotation/javax.annotation-api/1.3/javax.annotation-api-1.3.jar:/Users/dilloncarns/.m2/repository/org/eclipse/microprofile/config/microprofile-config-api/1.3/microprofile-config-api-1.3.jar:/Users/dilloncarns/.m2/repository/org/osgi/org.osgi.annotation.versioning/1.0.0/org.osgi.annotation.versioning-1.0.0.jar:/Users/dilloncarns/.m2/repository/org/eclipse/microprofile/fault-tolerance/microprofile-fault-tolerance-api/2.0/microprofile-fault-tolerance-api-2.0.jar:/Users/dilloncarns/.m2/repository/org/eclipse/microprofile/health/microprofile-health-api/2.1/microprofile-health-api-2.1.jar:/Users/dilloncarns/.m2/repository/org/eclipse/microprofile/metrics/microprofile-metrics-api/2.2/microprofile-metrics-api-2.2.jar:/Users/dilloncarns/.m2/repository/org/eclipse/microprofile/jwt/microprofile-jwt-auth-api/1.1/microprofile-jwt-auth-api-1.1.jar:/Users/dilloncarns/.m2/repository/org/eclipse/microprofile/openapi/microprofile-openapi-api/1.1/microprofile-openapi-api-1.1.jar:/Users/dilloncarns/.m2/repository/org/eclipse/microprofile/rest/client/microprofile-rest-client-api/1.3/microprofile-rest-client-api-1.3.jar:/Users/dilloncarns/.m2/repository/org/eclipse/microprofile/opentracing/microprofile-opentracing-api/1.3/microprofile-opentracing-api-1.3.jar:/Users/dilloncarns/.m2/repository/org/apache/commons/commons-lang3/3.9/commons-lang3-3.9.jar:/Users/dilloncarns/.m2/repository/org/junit/jupiter/junit-jupiter-engine/5.6.0/junit-jupiter-engine-5.6.0.jar:/Users/dilloncarns/.m2/repository/org/apiguardian/apiguardian-api/1.1.0/apiguardian-api-1.1.0.jar:/Users/dilloncarns/.m2/repository/org/junit/platform/junit-platform-engine/1.6.0/junit-platform-engine-1.6.0.jar:/Users/dilloncarns/.m2/repository/org/opentest4j/opentest4j/1.2.0/opentest4j-1.2.0.jar:/Users/dilloncarns/.m2/repository/org/junit/platform/junit-platform-commons/1.6.0/junit-platform-commons-1.6.0.jar:/Users/dilloncarns/.m2/repository/org/junit/jupiter/junit-jupiter-api/5.6.0/junit-jupiter-api-5.6.0.jar:/Users/dilloncarns/.m2/repository/org/apache/cxf/cxf-rt-rs-client/3.3.5/cxf-rt-rs-client-3.3.5.jar:/Users/dilloncarns/.m2/repository/org/apache/cxf/cxf-rt-transports-http/3.3.5/cxf-rt-transports-http-3.3.5.jar:/Users/dilloncarns/.m2/repository/org/apache/cxf/cxf-core/3.3.5/cxf-core-3.3.5.jar:/Users/dilloncarns/.m2/repository/org/glassfish/jaxb/jaxb-runtime/2.3.2/jaxb-runtime-2.3.2.jar:/Users/dilloncarns/.m2/repository/org/glassfish/jaxb/txw2/2.3.2/txw2-2.3.2.jar:/Users/dilloncarns/.m2/repository/com/sun/istack/istack-commons-runtime/3.0.8/istack-commons-runtime-3.0.8.jar:/Users/dilloncarns/.m2/repository/com/sun/xml/fastinfoset/FastInfoset/1.2.16/FastInfoset-1.2.16.jar:/Users/dilloncarns/.m2/repository/jakarta/activation/jakarta.activation-api/1.2.1/jakarta.activation-api-1.2.1.jar:/Users/dilloncarns/.m2/repository/com/fasterxml/woodstox/woodstox-core/5.0.3/woodstox-core-5.0.3.jar:/Users/dilloncarns/.m2/repository/org/codehaus/woodstox/stax2-api/3.1.4/stax2-api-3.1.4.jar:/Users/dilloncarns/.m2/repository/org/apache/ws/xmlschema/xmlschema-core/2.2.5/xmlschema-core-2.2.5.jar:/Users/dilloncarns/.m2/repository/jakarta/xml/bind/jakarta.xml.bind-api/2.3.2/jakarta.xml.bind-api-2.3.2.jar:/Users/dilloncarns/.m2/repository/org/apache/cxf/cxf-rt-frontend-jaxrs/3.3.5/cxf-rt-frontend-jaxrs-3.3.5.jar:/Users/dilloncarns/.m2/repository/jakarta/ws/rs/jakarta.ws.rs-api/2.1.5/jakarta.ws.rs-api-2.1.5.jar:/Users/dilloncarns/.m2/repository/org/apache/cxf/cxf-rt-security/3.3.5/cxf-rt-security-3.3.5.jar:/Users/dilloncarns/.m2/repository/javax/xml/ws/jaxws-api/2.3.1/jaxws-api-2.3.1.jar:/Users/dilloncarns/.m2/repository/javax/xml/soap/javax.xml.soap-api/1.4.0/javax.xml.soap-api-1.4.0.jar:/Users/dilloncarns/.m2/repository/com/sun/activation/javax.activation/1.2.0/javax.activation-1.2.0.jar:/Users/dilloncarns/.m2/repository/org/apache/geronimo/specs/geronimo-ws-metadata_2.0_spec/1.1.3/geronimo-ws-metadata_2.0_spec-1.1.3.jar:/Users/dilloncarns/.m2/repository/com/sun/xml/messaging/saaj/saaj-impl/1.4.0-b03/saaj-impl-1.4.0-b03.jar:/Users/dilloncarns/.m2/repository/org/jvnet/mimepull/mimepull/1.9.7/mimepull-1.9.7.jar:/Users/dilloncarns/.m2/repository/org/jvnet/staxex/stax-ex/1.7.8/stax-ex-1.7.8.jar:/Users/dilloncarns/.m2/repository/javax/activation/activation/1.1/activation-1.1.jar:/Users/dilloncarns/.m2/repository/org/jacorb/jacorb-omgapi/3.9/jacorb-omgapi-3.9.jar:/Users/dilloncarns/.m2/repository/org/apache/geronimo/specs/geronimo-jta_1.1_spec/1.1.1/geronimo-jta_1.1_spec-1.1.1.jar:/Users/dilloncarns/.m2/repository/org/jboss/spec/javax/rmi/jboss-rmi-api_1.0_spec/1.0.6.Final/jboss-rmi-api_1.0_spec-1.0.6.Final.jar:/Users/dilloncarns/.m2/repository/org/apache/cxf/cxf-rt-rs-extension-providers/3.3.5/cxf-rt-rs-extension-providers-3.3.5.jar:/Users/dilloncarns/.m2/repository/org/glassfish/javax.json/1.1.4/javax.json-1.1.4.jar:/Users/dilloncarns/.m2/repository/org/mongodb/mongodb-driver-sync/3.12.2/mongodb-driver-sync-3.12.2.jar:/Users/dilloncarns/.m2/repository/org/mongodb/bson/3.12.2/bson-3.12.2.jar:/Users/dilloncarns/.m2/repository/org/mongodb/mongodb-driver-core/3.12.2/mongodb-driver-core-3.12.2.jar:/Users/dilloncarns/.m2/repository/com/google/guava/guava/20.0/guava-20.0.jar:/Users/dilloncarns/.m2/repository/redis/clients/jedis/3.2.0/jedis-3.2.0.jar:/Users/dilloncarns/.m2/repository/org/slf4j/slf4j-api/1.7.25/slf4j-api-1.7.25.jar:/Users/dilloncarns/.m2/repository/org/apache/commons/commons-pool2/2.6.2/commons-pool2-2.6.2.jar:"/>
    <property name="java.vm.vendor" value="Oracle Corporation"/>
    <property name="sun.arch.data.model" value="64"/>
    <property name="java.vendor.url" value="http://java.oracle.com/"/>
    <property name="user.timezone" value=""/>
    <property name="java.vm.specification.version" value="11"/>
    <property name="os.name" value="Mac OS X"/>
    <property name="sun.java.launcher" value="SUN_STANDARD"/>
    <property name="user.country" value="US"/>
    <property name="sun.boot.library.path" value="/Library/Java/JavaVirtualMachines/jdk-11.0.5.jdk/Contents/Home/lib"/>
    <property name="sun.java.command" value="/Users/dilloncarns/Projects/backend-openliberty-demo/target/surefire/surefirebooter16912709133002951064.jar /Users/dilloncarns/Projects/backend-openliberty-demo/target/surefire 2020-03-31T16-06-14_267-jvmRun1 surefire13954156229526628318tmp surefire_05554815365947982880tmp"/>
    <property name="http.nonProxyHosts" value="local|*.local|169.254/16|*.169.254/16"/>
    <property name="jdk.debug" value="release"/>
    <property name="surefire.test.class.path" value="/Users/dilloncarns/Projects/backend-openliberty-demo/target/test-classes:/Users/dilloncarns/Projects/backend-openliberty-demo/target/classes:/Users/dilloncarns/.m2/repository/jakarta/platform/jakarta.jakartaee-web-api/8.0.0/jakarta.jakartaee-web-api-8.0.0.jar:/Users/dilloncarns/.m2/repository/javax/enterprise/cdi-api/2.0/cdi-api-2.0.jar:/Users/dilloncarns/.m2/repository/javax/el/javax.el-api/3.0.0/javax.el-api-3.0.0.jar:/Users/dilloncarns/.m2/repository/javax/interceptor/javax.interceptor-api/1.2/javax.interceptor-api-1.2.jar:/Users/dilloncarns/.m2/repository/javax/inject/javax.inject/1/javax.inject-1.jar:/Users/dilloncarns/.m2/repository/javax/ws/rs/javax.ws.rs-api/2.1/javax.ws.rs-api-2.1.jar:/Users/dilloncarns/.m2/repository/javax/json/bind/javax.json.bind-api/1.0/javax.json.bind-api-1.0.jar:/Users/dilloncarns/.m2/repository/javax/json/javax.json-api/1.1/javax.json-api-1.1.jar:/Users/dilloncarns/.m2/repository/javax/annotation/javax.annotation-api/1.3/javax.annotation-api-1.3.jar:/Users/dilloncarns/.m2/repository/org/eclipse/microprofile/config/microprofile-config-api/1.3/microprofile-config-api-1.3.jar:/Users/dilloncarns/.m2/repository/org/osgi/org.osgi.annotation.versioning/1.0.0/org.osgi.annotation.versioning-1.0.0.jar:/Users/dilloncarns/.m2/repository/org/eclipse/microprofile/fault-tolerance/microprofile-fault-tolerance-api/2.0/microprofile-fault-tolerance-api-2.0.jar:/Users/dilloncarns/.m2/repository/org/eclipse/microprofile/health/microprofile-health-api/2.1/microprofile-health-api-2.1.jar:/Users/dilloncarns/.m2/repository/org/eclipse/microprofile/metrics/microprofile-metrics-api/2.2/microprofile-metrics-api-2.2.jar:/Users/dilloncarns/.m2/repository/org/eclipse/microprofile/jwt/microprofile-jwt-auth-api/1.1/microprofile-jwt-auth-api-1.1.jar:/Users/dilloncarns/.m2/repository/org/eclipse/microprofile/openapi/microprofile-openapi-api/1.1/microprofile-openapi-api-1.1.jar:/Users/dilloncarns/.m2/repository/org/eclipse/microprofile/rest/client/microprofile-rest-client-api/1.3/microprofile-rest-client-api-1.3.jar:/Users/dilloncarns/.m2/repository/org/eclipse/microprofile/opentracing/microprofile-opentracing-api/1.3/microprofile-opentracing-api-1.3.jar:/Users/dilloncarns/.m2/repository/org/apache/commons/commons-lang3/3.9/commons-lang3-3.9.jar:/Users/dilloncarns/.m2/repository/org/junit/jupiter/junit-jupiter-engine/5.6.0/junit-jupiter-engine-5.6.0.jar:/Users/dilloncarns/.m2/repository/org/apiguardian/apiguardian-api/1.1.0/apiguardian-api-1.1.0.jar:/Users/dilloncarns/.m2/repository/org/junit/platform/junit-platform-engine/1.6.0/junit-platform-engine-1.6.0.jar:/Users/dilloncarns/.m2/repository/org/opentest4j/opentest4j/1.2.0/opentest4j-1.2.0.jar:/Users/dilloncarns/.m2/repository/org/junit/platform/junit-platform-commons/1.6.0/junit-platform-commons-1.6.0.jar:/Users/dilloncarns/.m2/repository/org/junit/jupiter/junit-jupiter-api/5.6.0/junit-jupiter-api-5.6.0.jar:/Users/dilloncarns/.m2/repository/org/apache/cxf/cxf-rt-rs-client/3.3.5/cxf-rt-rs-client-3.3.5.jar:/Users/dilloncarns/.m2/repository/org/apache/cxf/cxf-rt-transports-http/3.3.5/cxf-rt-transports-http-3.3.5.jar:/Users/dilloncarns/.m2/repository/org/apache/cxf/cxf-core/3.3.5/cxf-core-3.3.5.jar:/Users/dilloncarns/.m2/repository/org/glassfish/jaxb/jaxb-runtime/2.3.2/jaxb-runtime-2.3.2.jar:/Users/dilloncarns/.m2/repository/org/glassfish/jaxb/txw2/2.3.2/txw2-2.3.2.jar:/Users/dilloncarns/.m2/repository/com/sun/istack/istack-commons-runtime/3.0.8/istack-commons-runtime-3.0.8.jar:/Users/dilloncarns/.m2/repository/com/sun/xml/fastinfoset/FastInfoset/1.2.16/FastInfoset-1.2.16.jar:/Users/dilloncarns/.m2/repository/jakarta/activation/jakarta.activation-api/1.2.1/jakarta.activation-api-1.2.1.jar:/Users/dilloncarns/.m2/repository/com/fasterxml/woodstox/woodstox-core/5.0.3/woodstox-core-5.0.3.jar:/Users/dilloncarns/.m2/repository/org/codehaus/woodstox/stax2-api/3.1.4/stax2-api-3.1.4.jar:/Users/dilloncarns/.m2/repository/org/apache/ws/xmlschema/xmlschema-core/2.2.5/xmlschema-core-2.2.5.jar:/Users/dilloncarns/.m2/repository/jakarta/xml/bind/jakarta.xml.bind-api/2.3.2/jakarta.xml.bind-api-2.3.2.jar:/Users/dilloncarns/.m2/repository/org/apache/cxf/cxf-rt-frontend-jaxrs/3.3.5/cxf-rt-frontend-jaxrs-3.3.5.jar:/Users/dilloncarns/.m2/repository/jakarta/ws/rs/jakarta.ws.rs-api/2.1.5/jakarta.ws.rs-api-2.1.5.jar:/Users/dilloncarns/.m2/repository/org/apache/cxf/cxf-rt-security/3.3.5/cxf-rt-security-3.3.5.jar:/Users/dilloncarns/.m2/repository/javax/xml/ws/jaxws-api/2.3.1/jaxws-api-2.3.1.jar:/Users/dilloncarns/.m2/repository/javax/xml/soap/javax.xml.soap-api/1.4.0/javax.xml.soap-api-1.4.0.jar:/Users/dilloncarns/.m2/repository/com/sun/activation/javax.activation/1.2.0/javax.activation-1.2.0.jar:/Users/dilloncarns/.m2/repository/org/apache/geronimo/specs/geronimo-ws-metadata_2.0_spec/1.1.3/geronimo-ws-metadata_2.0_spec-1.1.3.jar:/Users/dilloncarns/.m2/repository/com/sun/xml/messaging/saaj/saaj-impl/1.4.0-b03/saaj-impl-1.4.0-b03.jar:/Users/dilloncarns/.m2/repository/org/jvnet/mimepull/mimepull/1.9.7/mimepull-1.9.7.jar:/Users/dilloncarns/.m2/repository/org/jvnet/staxex/stax-ex/1.7.8/stax-ex-1.7.8.jar:/Users/dilloncarns/.m2/repository/javax/activation/activation/1.1/activation-1.1.jar:/Users/dilloncarns/.m2/repository/org/jacorb/jacorb-omgapi/3.9/jacorb-omgapi-3.9.jar:/Users/dilloncarns/.m2/repository/org/apache/geronimo/specs/geronimo-jta_1.1_spec/1.1.1/geronimo-jta_1.1_spec-1.1.1.jar:/Users/dilloncarns/.m2/repository/org/jboss/spec/javax/rmi/jboss-rmi-api_1.0_spec/1.0.6.Final/jboss-rmi-api_1.0_spec-1.0.6.Final.jar:/Users/dilloncarns/.m2/repository/org/apache/cxf/cxf-rt-rs-extension-providers/3.3.5/cxf-rt-rs-extension-providers-3.3.5.jar:/Users/dilloncarns/.m2/repository/org/glassfish/javax.json/1.1.4/javax.json-1.1.4.jar:/Users/dilloncarns/.m2/repository/org/mongodb/mongodb-driver-sync/3.12.2/mongodb-driver-sync-3.12.2.jar:/Users/dilloncarns/.m2/repository/org/mongodb/bson/3.12.2/bson-3.12.2.jar:/Users/dilloncarns/.m2/repository/org/mongodb/mongodb-driver-core/3.12.2/mongodb-driver-core-3.12.2.jar:/Users/dilloncarns/.m2/repository/com/google/guava/guava/20.0/guava-20.0.jar:/Users/dilloncarns/.m2/repository/redis/clients/jedis/3.2.0/jedis-3.2.0.jar:/Users/dilloncarns/.m2/repository/org/slf4j/slf4j-api/1.7.25/slf4j-api-1.7.25.jar:/Users/dilloncarns/.m2/repository/org/apache/commons/commons-pool2/2.6.2/commons-pool2-2.6.2.jar:"/>
    <property name="sun.cpu.endian" value="little"/>
    <property name="user.home" value="/Users/dilloncarns"/>
    <property name="user.language" value="en"/>
    <property name="java.specification.vendor" value="Oracle Corporation"/>
    <property name="java.version.date" value="2019-10-15"/>
    <property name="java.home" value="/Library/Java/JavaVirtualMachines/jdk-11.0.5.jdk/Contents/Home"/>
    <property name="file.separator" value="/"/>
    <property name="basedir" value="/Users/dilloncarns/Projects/backend-openliberty-demo"/>
    <property name="java.vm.compressedOopsMode" value="Zero based"/>
    <property name="line.separator" value="&#10;"/>
    <property name="java.specification.name" value="Java Platform API Specification"/>
    <property name="java.vm.specification.vendor" value="Oracle Corporation"/>
    <property name="java.awt.graphicsenv" value="sun.awt.CGraphicsEnvironment"/>
    <property name="surefire.real.class.path" value="/Users/dilloncarns/Projects/backend-openliberty-demo/target/surefire/surefirebooter16912709133002951064.jar"/>
    <property name="sun.management.compiler" value="HotSpot 64-Bit Tiered Compilers"/>
    <property name="ftp.nonProxyHosts" value="local|*.local|169.254/16|*.169.254/16"/>
    <property name="java.runtime.version" value="11.0.5+10-LTS"/>
    <property name="user.name" value="dilloncarns"/>
    <property name="path.separator" value=":"/>
    <property name="os.version" value="10.15.3"/>
    <property name="java.runtime.name" value="Java(TM) SE Runtime Environment"/>
    <property name="file.encoding" value="UTF-8"/>
    <property name="java.vm.name" value="Java HotSpot(TM) 64-Bit Server VM"/>
    <property name="java.vendor.version" value="18.9"/>
    <property name="localRepository" value="/Users/dilloncarns/.m2/repository"/>
    <property name="java.vendor.url.bug" value="http://bugreport.java.com/bugreport/"/>
    <property name="java.io.tmpdir" value="/var/folders/fm/chmldwb57kb62dr5m7v_fcgc0000gn/T/"/>
    <property name="java.version" value="11.0.5"/>
    <property name="user.dir" value="/Users/dilloncarns/Projects/backend-openliberty-demo"/>
    <property name="os.arch" value="x86_64"/>
    <property name="java.vm.specification.name" value="Java Virtual Machine Specification"/>
    <property name="java.awt.printerjob" value="sun.lwawt.macosx.CPrinterJob"/>
    <property name="sun.os.patch.level" value="unknown"/>
    <property name="java.library.path" value="/Users/dilloncarns/Library/Java/Extensions:/Library/Java/Extensions:/Network/Library/Java/Extensions:/System/Library/Java/Extensions:/usr/lib/java:."/>
    <property name="java.vendor" value="Oracle Corporation"/>
    <property name="java.vm.info" value="mixed mode"/>
    <property name="java.vm.version" value="11.0.5+10-LTS"/>
    <property name="sun.io.unicode.encoding" value="UnicodeBig"/>
    <property name="java.class.version" value="55.0"/>
    <property name="socksNonProxyHosts" value="local|*.local|169.254/16|*.169.254/16"/>
  </properties>
  <testcase name="testDatabase" classname="it.io.openliberty.guides.util.DBManagerTest" time="0.019"/>
  <testcase name="testLoginUser" classname="it.io.openliberty.guides.util.DBManagerTest" time="0"/>
</testsuite>